INFO:root:Starting MongoDB...
INFO:root:MongoDB ready
INFO:root:Starting server in port: 8000
INFO:root:Listening at port 8000
INFO:root:127.0.0.1 - - [03/Apr/2023 22:20:24] "POST /logoutUser HTTP/1.1" 200 -
INFO:root:Adios, 127.0.0.1 vuelve pronto.
INFO:root:127.0.0.1 - - [03/Apr/2023 22:20:46] "POST /loginUser?username=Elvio&password=123 HTTP/1.1" 200 -
INFO:root:Bienvenido Elvio
INFO:root:127.0.0.1 - - [03/Apr/2023 22:21:15] "DELETE /deleteTopic?nameTopic=Otro%20mas HTTP/1.1" 200 -
INFO:root:Se elimino correctamente el topico Otro mas
INFO:root:127.0.0.1 - - [03/Apr/2023 22:21:31] "DELETE /deleteTopic?nameTopic=nuevoCanal HTTP/1.1" 200 -
INFO:root:Se elimino correctamente el topico nuevoCanal
INFO:root:Finishing server...
INFO:root:Starting MongoDB...
INFO:root:MongoDB ready
INFO:root:Starting server in port: 8000
INFO:root:Listening at port 8000
INFO:root:Finishing server...
INFO:root:Starting MongoDB...
INFO:root:MongoDB ready
INFO:root:Starting server in port: 8000
INFO:root:Listening at port 8000
INFO:root:127.0.0.1 - - [03/Apr/2023 23:03:37] "POST /registerUser?username=Juan&password=123 HTTP/1.1" 201 -
INFO:root:Se creo la cuenta Juan y se agrego a la DB
INFO:root:Init replication...
INFO:root:Finishing server...
INFO:root:Starting MongoDB...
INFO:root:MongoDB ready
INFO:root:Starting server in port: 8000
INFO:root:Listening at port 8000
INFO:root:127.0.0.1 - - [03/Apr/2023 23:05:32] "POST /registerUser?username=Juan%20Pa&password=123 HTTP/1.1" 201 -
INFO:root:Se creo la cuenta Juan Pa y se agrego a la DB
INFO:root:Init replication...
INFO:root:Finishing server...
INFO:root:Starting MongoDB...
INFO:root:MongoDB ready
INFO:root:Starting server in port: 8000
INFO:root:Listening at port 8000
INFO:root:127.0.0.1 - - [03/Apr/2023 23:07:59] "POST /registerUser?username=Juan%20Pa&password=123 HTTP/1.1" 201 -
INFO:root:Se creo la cuenta Juan Pa y se agrego a la DB
INFO:root:Init replication...
INFO:root:Finishing server...
INFO:root:Starting MongoDB...
INFO:root:MongoDB ready
INFO:root:Starting MongoDB...
INFO:root:MongoDB ready
INFO:root:Init restore...
INFO:root:Finish restore...
INFO:root:Starting server in port: 8000
INFO:root:Listening at port 8000
INFO:root:127.0.0.1 - - [03/Apr/2023 23:20:33] "POST /registerUser?username=Juan%20Pa&password=123 HTTP/1.1" 201 -
INFO:root:Se creo la cuenta Juan Pa y se agrego a la DB
INFO:root:Init dump...
INFO:root:Finish dump...
INFO:root:127.0.0.1 - - [03/Apr/2023 23:20:51] "POST /registerUser?username=Juan&password=123 HTTP/1.1" 201 -
INFO:root:Se creo la cuenta Juan y se agrego a la DB
INFO:root:Init dump...
INFO:root:Finish dump...
INFO:root:127.0.0.1 - - [03/Apr/2023 23:21:10] "POST /logoutUser?username=Juan&password=123 HTTP/1.1" 200 -
INFO:root:Adios, 127.0.0.1 vuelve pronto.
INFO:root:Init dump...
INFO:root:Finish dump...
INFO:root:Finishing server...
INFO:root:Starting MongoDB...
INFO:root:MongoDB ready
INFO:root:Init restore...
INFO:root:Finish restore...
INFO:root:Starting server in port: 8000
INFO:root:Listening at port 8000
INFO:root:Finishing server...
